<?xml version="1.0" encoding="UTF-8"?>
<!-- Generated by org.testng.reporters.JUnitReportReporter -->
<testsuite hostname="VASANTH" failures="0" tests="1" name="testng.TestScript3" time="2.963" errors="0" timestamp="2025-07-24T13:26:08 IST" skipped="0">
  <testcase classname="testng.TestScript3" name="clickOnElectronics" time="2.963">
    <system-out>
      <![CDATA[electronics page displayed]]>
    </system-out>
  </testcase> <!-- clickOnElectronics -->
  <system-out>
    <![CDATA[electronics page displayed
computers page displayed
books page displayed]]>
  </system-out>
</testsuite> <!-- testng.TestScript3 -->
