<?xml version="1.0" encoding="UTF-8"?>
<!-- Generated by org.testng.reporters.JUnitReportReporter -->
<testsuite hostname="VASANTH" failures="0" tests="4" name="dataprovider.LearnDataProvider" time="7.928" errors="0" timestamp="2025-07-23T16:17:40 IST" skipped="0">
  <testcase classname="dataprovider.LearnDataProvider" name="login" time="3.243"/>
  <testcase classname="dataprovider.LearnDataProvider" name="login" time="1.487"/>
  <testcase classname="dataprovider.LearnDataProvider" name="login" time="1.628"/>
  <testcase classname="dataprovider.LearnDataProvider" name="login" time="1.570"/>
</testsuite> <!-- dataprovider.LearnDataProvider -->
