<?xml version="1.0" encoding="UTF-8"?>
<!-- Generated by org.testng.reporters.JUnitReportReporter -->
<testsuite hostname="VASANTH" failures="0" tests="1" name="batchexecution.Bmw" time="4.055" errors="0" timestamp="2025-07-21T16:13:14 IST" skipped="0">
  <testcase classname="batchexecution.Bmw" name="launch" time="4.055">
    <system-out>
      <![CDATA[M5 sport]]>
    </system-out>
  </testcase> <!-- launch -->
  <system-out>
    <![CDATA[M5 sport
Superb]]>
  </system-out>
</testsuite> <!-- batchexecution.Bmw -->
