<?xml version="1.0" encoding="UTF-8"?>
<!-- Generated by org.testng.reporters.JUnitReportReporter -->
<testsuite hostname="VASANTH" failures="0" tests="1" name="batchexecution.VolksWagen" time="6.110" errors="0" timestamp="2025-07-18T14:55:46 IST" skipped="0">
  <testcase classname="batchexecution.VolksWagen" name="launch" time="6.110">
    <system-out>
      <![CDATA[virtus GT]]>
    </system-out>
  </testcase> <!-- launch -->
  <system-out>
    <![CDATA[Superb
M5 sport
virtus GT
Maybach]]>
  </system-out>
</testsuite> <!-- batchexecution.VolksWagen -->
