<?xml version="1.0" encoding="UTF-8"?>
<!-- Generated by org.testng.reporters.JUnitReportReporter -->
<testsuite hostname="VASANTH" failures="0" tests="1" name="listeners.TestScript" time="3.159" errors="0" timestamp="2025-07-24T16:24:49 IST" skipped="0">
  <testcase classname="listeners.TestScript" name="login" time="3.159">
    <system-out>
      <![CDATA[home pae displayed
test script is pass]]>
    </system-out>
  </testcase> <!-- login -->
  <system-out>
    <![CDATA[home pae displayed
test script is pass]]>
  </system-out>
</testsuite> <!-- listeners.TestScript -->
