<?xml version="1.0" encoding="UTF-8"?>
<!-- Generated by org.testng.reporters.JUnitReportReporter -->
<testsuite hostname="VASANTH" failures="0" tests="1" name="testng.TestScript2" time="3.380" errors="0" timestamp="2025-07-25T11:06:14 IST" skipped="0">
  <testcase classname="testng.TestScript2" name="clickOnComputer" time="3.380">
    <system-out>
      <![CDATA[computers page not displayed
test script pass]]>
    </system-out>
  </testcase> <!-- clickOnComputer -->
  <system-out>
    <![CDATA[computers page not displayed
test script pass]]>
  </system-out>
</testsuite> <!-- testng.TestScript2 -->
